2025-05-22 21:09:58.072 -03:00 [ERR] An error occurred using the connection to database 'ecoscale' on server 'tcp://localhost:5432'.
2025-05-22 21:09:58.998 -03:00 [INF] Executed DbCommand (578ms) [Parameters=[], CommandType='"Text"', CommandTimeout='30']
CREATE DATABASE ecoscale;
2025-05-22 21:09:59.285 -03:00 [INF] Executed DbCommand (17ms) [Parameters=[], CommandType='"Text"', CommandTimeout='30']
CREATE TABLE IF NOT EXISTS "__EFMigrationsHistory" (
    "MigrationId" character varying(150) NOT NULL,
    "ProductVersion" character varying(32) NOT NULL,
    CONSTRAINT "PK___EFMigrationsHistory" PRIMARY KEY ("MigrationId")
);
2025-05-22 21:09:59.297 -03:00 [INF] Acquiring an exclusive lock for migration application. See https://aka.ms/efcore-docs-migrations-lock for more information if this takes too long.
2025-05-22 21:09:59.300 -03:00 [INF] Executed DbCommand (2ms) [Parameters=[], CommandType='"Text"', CommandTimeout='30']
LOCK TABLE "__EFMigrationsHistory" IN ACCESS EXCLUSIVE MODE
2025-05-22 21:09:59.306 -03:00 [INF] Executed DbCommand (2ms) [Parameters=[], CommandType='"Text"', CommandTimeout='30']
SELECT "MigrationId", "ProductVersion"
FROM "__EFMigrationsHistory"
ORDER BY "MigrationId";
2025-05-22 21:09:59.322 -03:00 [INF] Applying migration '20250519025221_fix_usuario'.
2025-05-22 21:09:59.374 -03:00 [INF] Executed DbCommand (6ms) [Parameters=[], CommandType='"Text"', CommandTimeout='30']
CREATE TABLE email_confirmacao (
    "Id" integer GENERATED BY DEFAULT AS IDENTITY,
    num_codigo text NOT NULL,
    boo_confirmado boolean NOT NULL,
    boo_excluido boolean NOT NULL,
    ref_id text NOT NULL,
    expires_at timestamp with time zone NOT NULL,
    created_at timestamp with time zone NOT NULL,
    CONSTRAINT "PK_email_confirmacao" PRIMARY KEY ("Id")
);
2025-05-22 21:09:59.386 -03:00 [INF] Executed DbCommand (9ms) [Parameters=[], CommandType='"Text"', CommandTimeout='30']
CREATE TABLE notificacao (
    notificacao_id integer GENERATED BY DEFAULT AS IDENTITY,
    mensagem text NOT NULL,
    boo_lida boolean NOT NULL,
    CONSTRAINT "PK_notificacao" PRIMARY KEY (notificacao_id)
);
2025-05-22 21:09:59.392 -03:00 [INF] Executed DbCommand (3ms) [Parameters=[], CommandType='"Text"', CommandTimeout='30']
CREATE TABLE planilha (
    planilha_id integer GENERATED BY DEFAULT AS IDENTITY,
    boo_excluido boolean NOT NULL,
    CONSTRAINT "PK_planilha" PRIMARY KEY (planilha_id)
);
2025-05-22 21:09:59.402 -03:00 [INF] Executed DbCommand (6ms) [Parameters=[], CommandType='"Text"', CommandTimeout='30']
CREATE TABLE responsavel_empresa (
    responsavel_empresa_id integer GENERATED BY DEFAULT AS IDENTITY,
    nome text NOT NULL,
    telefone text NOT NULL,
    cpf text NOT NULL,
    CONSTRAINT "PK_responsavel_empresa" PRIMARY KEY (responsavel_empresa_id)
);
2025-05-22 21:09:59.412 -03:00 [INF] Executed DbCommand (5ms) [Parameters=[], CommandType='"Text"', CommandTimeout='30']
CREATE TABLE usuario (
    usuario_id integer GENERATED BY DEFAULT AS IDENTITY,
    email text NOT NULL,
    senha text NOT NULL,
    boo_email_confirmado boolean NOT NULL,
    role integer NOT NULL,
    CONSTRAINT "PK_usuario" PRIMARY KEY (usuario_id)
);
2025-05-22 21:09:59.427 -03:00 [INF] Executed DbCommand (11ms) [Parameters=[], CommandType='"Text"', CommandTimeout='30']
CREATE TABLE area_planilha (
    area_planilha_id integer GENERATED BY DEFAULT AS IDENTITY,
    nom_area text NOT NULL,
    planilha_id integer,
    CONSTRAINT "PK_area_planilha" PRIMARY KEY (area_planilha_id),
    CONSTRAINT "FK_area_planilha_planilha_planilha_id" FOREIGN KEY (planilha_id) REFERENCES planilha (planilha_id)
);
2025-05-22 21:09:59.436 -03:00 [INF] Executed DbCommand (5ms) [Parameters=[], CommandType='"Text"', CommandTimeout='30']
CREATE TABLE empresa (
    usuario_id integer NOT NULL,
    cnpj text NOT NULL,
    razao_social text NOT NULL,
    num_telefone text NOT NULL,
    endereco_sede text NOT NULL,
    foto_perfil bytea,
    dsc_empresa text,
    setor_atuacao text NOT NULL,
    boo_removida boolean NOT NULL,
    responsavel_id integer NOT NULL,
    CONSTRAINT "PK_empresa" PRIMARY KEY (usuario_id),
    CONSTRAINT "FK_empresa_responsavel_empresa_responsavel_id" FOREIGN KEY (responsavel_id) REFERENCES responsavel_empresa (responsavel_empresa_id) ON DELETE CASCADE,
    CONSTRAINT "FK_empresa_usuario_usuario_id" FOREIGN KEY (usuario_id) REFERENCES usuario (usuario_id) ON DELETE CASCADE
);
2025-05-22 21:09:59.445 -03:00 [INF] Executed DbCommand (5ms) [Parameters=[], CommandType='"Text"', CommandTimeout='30']
CREATE TABLE moderador (
    usuario_id integer NOT NULL,
    nome text NOT NULL,
    CONSTRAINT "PK_moderador" PRIMARY KEY (usuario_id),
    CONSTRAINT "FK_moderador_usuario_usuario_id" FOREIGN KEY (usuario_id) REFERENCES usuario (usuario_id) ON DELETE CASCADE
);
2025-05-22 21:09:59.455 -03:00 [INF] Executed DbCommand (6ms) [Parameters=[], CommandType='"Text"', CommandTimeout='30']
CREATE TABLE tema_planilha (
    tema_planilha_id integer GENERATED BY DEFAULT AS IDENTITY,
    nom_tema text NOT NULL,
    area_planilha_id integer,
    CONSTRAINT "PK_tema_planilha" PRIMARY KEY (tema_planilha_id),
    CONSTRAINT "FK_tema_planilha_area_planilha_area_planilha_id" FOREIGN KEY (area_planilha_id) REFERENCES area_planilha (area_planilha_id)
);
2025-05-22 21:09:59.463 -03:00 [INF] Executed DbCommand (4ms) [Parameters=[], CommandType='"Text"', CommandTimeout='30']
CREATE TABLE questionario (
    questionario_id integer GENERATED BY DEFAULT AS IDENTITY,
    boo_excluido boolean NOT NULL,
    empresa_id integer NOT NULL,
    CONSTRAINT "PK_questionario" PRIMARY KEY (questionario_id),
    CONSTRAINT "FK_questionario_empresa_empresa_id" FOREIGN KEY (empresa_id) REFERENCES empresa (usuario_id) ON DELETE CASCADE
);
2025-05-22 21:09:59.471 -03:00 [INF] Executed DbCommand (6ms) [Parameters=[], CommandType='"Text"', CommandTimeout='30']
CREATE TABLE relatorio (
    relatorio_id integer GENERATED BY DEFAULT AS IDENTITY,
    empresa_cnpj integer NOT NULL,
    dsc_sustentabilidade text NOT NULL,
    dsc_melhorias text NOT NULL,
    boo_revisado boolean NOT NULL,
    "RevisorId" integer,
    CONSTRAINT "PK_relatorio" PRIMARY KEY (relatorio_id),
    CONSTRAINT "FK_relatorio_empresa_empresa_cnpj" FOREIGN KEY (empresa_cnpj) REFERENCES empresa (usuario_id) ON DELETE CASCADE,
    CONSTRAINT "FK_relatorio_moderador_RevisorId" FOREIGN KEY ("RevisorId") REFERENCES moderador (usuario_id)
);
2025-05-22 21:09:59.479 -03:00 [INF] Executed DbCommand (5ms) [Parameters=[], CommandType='"Text"', CommandTimeout='30']
CREATE TABLE criterio_planilha (
    criterio_planilha_id integer GENERATED BY DEFAULT AS IDENTITY,
    nom_criterio text NOT NULL,
    tema_planilha_id integer,
    CONSTRAINT "PK_criterio_planilha" PRIMARY KEY (criterio_planilha_id),
    CONSTRAINT "FK_criterio_planilha_tema_planilha_tema_planilha_id" FOREIGN KEY (tema_planilha_id) REFERENCES tema_planilha (tema_planilha_id)
);
2025-05-22 21:09:59.488 -03:00 [INF] Executed DbCommand (4ms) [Parameters=[], CommandType='"Text"', CommandTimeout='30']
CREATE TABLE area (
    area_id integer GENERATED BY DEFAULT AS IDENTITY,
    nom_area text NOT NULL,
    questionario_id integer,
    CONSTRAINT "PK_area" PRIMARY KEY (area_id),
    CONSTRAINT "FK_area_questionario_questionario_id" FOREIGN KEY (questionario_id) REFERENCES questionario (questionario_id)
);
2025-05-22 21:09:59.500 -03:00 [INF] Executed DbCommand (8ms) [Parameters=[], CommandType='"Text"', CommandTimeout='30']
CREATE TABLE req_avaliacao (
    req_avaliacao_id integer GENERATED BY DEFAULT AS IDENTITY,
    relatorio_id integer NOT NULL,
    created_at timestamp with time zone NOT NULL,
    updated_at timestamp with time zone NOT NULL,
    em_aberto boolean NOT NULL,
    avaliado boolean NOT NULL,
    motivo text NOT NULL,
    CONSTRAINT "PK_req_avaliacao" PRIMARY KEY (req_avaliacao_id),
    CONSTRAINT "FK_req_avaliacao_relatorio_relatorio_id" FOREIGN KEY (relatorio_id) REFERENCES relatorio (relatorio_id) ON DELETE CASCADE
);
2025-05-22 21:09:59.510 -03:00 [INF] Executed DbCommand (7ms) [Parameters=[], CommandType='"Text"', CommandTimeout='30']
CREATE TABLE item_avaliado_planilha (
    item_avaliado_planilha_id integer GENERATED BY DEFAULT AS IDENTITY,
    dsc_item text NOT NULL,
    criterio_planilha_id integer,
    CONSTRAINT "PK_item_avaliado_planilha" PRIMARY KEY (item_avaliado_planilha_id),
    CONSTRAINT "FK_item_avaliado_planilha_criterio_planilha_criterio_planilha_~" FOREIGN KEY (criterio_planilha_id) REFERENCES criterio_planilha (criterio_planilha_id)
);
2025-05-22 21:09:59.522 -03:00 [INF] Executed DbCommand (7ms) [Parameters=[], CommandType='"Text"', CommandTimeout='30']
CREATE TABLE tema (
    tema_id integer GENERATED BY DEFAULT AS IDENTITY,
    nom_tema text NOT NULL,
    area_id integer,
    CONSTRAINT "PK_tema" PRIMARY KEY (tema_id),
    CONSTRAINT "FK_tema_area_area_id" FOREIGN KEY (area_id) REFERENCES area (area_id)
);
2025-05-22 21:09:59.531 -03:00 [INF] Executed DbCommand (6ms) [Parameters=[], CommandType='"Text"', CommandTimeout='30']
CREATE TABLE criterio (
    criterio_id integer GENERATED BY DEFAULT AS IDENTITY,
    nom_criterio text NOT NULL,
    tema_id integer,
    CONSTRAINT "PK_criterio" PRIMARY KEY (criterio_id),
    CONSTRAINT "FK_criterio_tema_tema_id" FOREIGN KEY (tema_id) REFERENCES tema (tema_id)
);
2025-05-22 21:09:59.541 -03:00 [INF] Executed DbCommand (7ms) [Parameters=[], CommandType='"Text"', CommandTimeout='30']
CREATE TABLE item_avaliado (
    item_avaliado_id integer GENERATED BY DEFAULT AS IDENTITY,
    dsc_item text NOT NULL,
    resposta text,
    criterio_id integer,
    CONSTRAINT "PK_item_avaliado" PRIMARY KEY (item_avaliado_id),
    CONSTRAINT "FK_item_avaliado_criterio_criterio_id" FOREIGN KEY (criterio_id) REFERENCES criterio (criterio_id)
);
2025-05-22 21:09:59.547 -03:00 [INF] Executed DbCommand (2ms) [Parameters=[], CommandType='"Text"', CommandTimeout='30']
CREATE INDEX "IX_area_questionario_id" ON area (questionario_id);
2025-05-22 21:09:59.554 -03:00 [INF] Executed DbCommand (2ms) [Parameters=[], CommandType='"Text"', CommandTimeout='30']
CREATE INDEX "IX_area_planilha_planilha_id" ON area_planilha (planilha_id);
2025-05-22 21:09:59.561 -03:00 [INF] Executed DbCommand (3ms) [Parameters=[], CommandType='"Text"', CommandTimeout='30']
CREATE INDEX "IX_criterio_tema_id" ON criterio (tema_id);
2025-05-22 21:09:59.566 -03:00 [INF] Executed DbCommand (1ms) [Parameters=[], CommandType='"Text"', CommandTimeout='30']
CREATE INDEX "IX_criterio_planilha_tema_planilha_id" ON criterio_planilha (tema_planilha_id);
2025-05-22 21:09:59.571 -03:00 [INF] Executed DbCommand (2ms) [Parameters=[], CommandType='"Text"', CommandTimeout='30']
CREATE INDEX "IX_empresa_responsavel_id" ON empresa (responsavel_id);
2025-05-22 21:09:59.576 -03:00 [INF] Executed DbCommand (2ms) [Parameters=[], CommandType='"Text"', CommandTimeout='30']
CREATE INDEX "IX_item_avaliado_criterio_id" ON item_avaliado (criterio_id);
2025-05-22 21:09:59.581 -03:00 [INF] Executed DbCommand (1ms) [Parameters=[], CommandType='"Text"', CommandTimeout='30']
CREATE INDEX "IX_item_avaliado_planilha_criterio_planilha_id" ON item_avaliado_planilha (criterio_planilha_id);
2025-05-22 21:09:59.587 -03:00 [INF] Executed DbCommand (3ms) [Parameters=[], CommandType='"Text"', CommandTimeout='30']
CREATE INDEX "IX_questionario_empresa_id" ON questionario (empresa_id);
2025-05-22 21:09:59.592 -03:00 [INF] Executed DbCommand (1ms) [Parameters=[], CommandType='"Text"', CommandTimeout='30']
CREATE INDEX "IX_relatorio_empresa_cnpj" ON relatorio (empresa_cnpj);
2025-05-22 21:09:59.597 -03:00 [INF] Executed DbCommand (2ms) [Parameters=[], CommandType='"Text"', CommandTimeout='30']
CREATE INDEX "IX_relatorio_RevisorId" ON relatorio ("RevisorId");
2025-05-22 21:09:59.609 -03:00 [INF] Executed DbCommand (8ms) [Parameters=[], CommandType='"Text"', CommandTimeout='30']
CREATE INDEX "IX_req_avaliacao_relatorio_id" ON req_avaliacao (relatorio_id);
2025-05-22 21:09:59.614 -03:00 [INF] Executed DbCommand (2ms) [Parameters=[], CommandType='"Text"', CommandTimeout='30']
CREATE INDEX "IX_tema_area_id" ON tema (area_id);
2025-05-22 21:09:59.620 -03:00 [INF] Executed DbCommand (2ms) [Parameters=[], CommandType='"Text"', CommandTimeout='30']
CREATE INDEX "IX_tema_planilha_area_planilha_id" ON tema_planilha (area_planilha_id);
2025-05-22 21:09:59.624 -03:00 [INF] Executed DbCommand (2ms) [Parameters=[], CommandType='"Text"', CommandTimeout='30']
CREATE UNIQUE INDEX "IX_usuario_email" ON usuario (email);
2025-05-22 21:09:59.631 -03:00 [INF] Executed DbCommand (4ms) [Parameters=[], CommandType='"Text"', CommandTimeout='30']
INSERT INTO "__EFMigrationsHistory" ("MigrationId", "ProductVersion")
VALUES ('20250519025221_fix_usuario', '9.0.3');
2025-05-22 21:09:59.635 -03:00 [INF] Applying migration '20250520032305_fix_empresa'.
2025-05-22 21:09:59.647 -03:00 [INF] Executed DbCommand (1ms) [Parameters=[], CommandType='"Text"', CommandTimeout='30']
ALTER TABLE empresa ADD foto_perfil_mime text;
2025-05-22 21:09:59.651 -03:00 [INF] Executed DbCommand (1ms) [Parameters=[], CommandType='"Text"', CommandTimeout='30']
INSERT INTO "__EFMigrationsHistory" ("MigrationId", "ProductVersion")
VALUES ('20250520032305_fix_empresa', '9.0.3');
2025-05-22 21:09:59.654 -03:00 [INF] Applying migration '20250522033919_fix_empres'.
2025-05-22 21:09:59.679 -03:00 [INF] Executed DbCommand (1ms) [Parameters=[], CommandType='"Text"', CommandTimeout='30']
ALTER TABLE empresa ALTER COLUMN setor_atuacao DROP NOT NULL;
2025-05-22 21:09:59.683 -03:00 [INF] Executed DbCommand (0ms) [Parameters=[], CommandType='"Text"', CommandTimeout='30']
INSERT INTO "__EFMigrationsHistory" ("MigrationId", "ProductVersion")
VALUES ('20250522033919_fix_empres', '9.0.3');
2025-05-22 21:10:30.541 -03:00 [INF] Swagger UI available at http://localhost:5051/swagger/index.html
2025-05-22 21:10:30.604 -03:00 [INF] Server starting and listening on http://0.0.0.0:5051
2025-05-22 21:10:30.619 -03:00 [INF] User profile is available. Using 'C:\Users\thiag\AppData\Local\ASP.NET\DataProtection-Keys' as key repository and Windows DPAPI to encrypt keys at rest.
2025-05-22 21:10:30.652 -03:00 [INF] Creating key {6cdd7314-f859-4010-a615-d49abbcfb4fc} with creation date 2025-05-23 00:10:30Z, activation date 2025-05-23 00:10:30Z, and expiration date 2025-08-21 00:10:30Z.
2025-05-22 21:10:30.667 -03:00 [INF] Writing data to file 'C:\Users\thiag\AppData\Local\ASP.NET\DataProtection-Keys\key-6cdd7314-f859-4010-a615-d49abbcfb4fc.xml'.
2025-05-22 21:10:30.743 -03:00 [INF] Now listening on: http://0.0.0.0:5051
2025-05-22 21:10:30.746 -03:00 [INF] Application started. Press Ctrl+C to shut down.
2025-05-22 21:10:30.748 -03:00 [INF] Hosting environment: Development
2025-05-22 21:10:30.749 -03:00 [INF] Content root path: C:\Repos\pmg-es-2025-1-ti4-3170100-pesquisa-bh-tec\Codigo\Backend\EcoScale
2025-05-22 21:11:21.420 -03:00 [INF] Request starting HTTP/1.1 GET http://localhost:5051/swagger/index.html - null null
2025-05-22 21:11:21.568 -03:00 [INF] Request finished HTTP/1.1 GET http://localhost:5051/swagger/index.html - 200 null text/html;charset=utf-8 149.2483ms
2025-05-22 21:11:22.019 -03:00 [INF] Request starting HTTP/1.1 GET http://localhost:5051/swagger/index.css - null null
2025-05-22 21:11:22.019 -03:00 [INF] Request starting HTTP/1.1 GET http://localhost:5051/swagger/swagger-ui.css - null null
2025-05-22 21:11:22.019 -03:00 [INF] Request starting HTTP/1.1 GET http://localhost:5051/swagger/swagger-ui-bundle.js - null null
2025-05-22 21:11:22.045 -03:00 [INF] Sending file. Request path: '/index.css'. Physical path: 'N/A'
2025-05-22 21:11:22.047 -03:00 [INF] Request finished HTTP/1.1 GET http://localhost:5051/swagger/index.css - 200 202 text/css 28.4067ms
2025-05-22 21:11:22.049 -03:00 [INF] Sending file. Request path: '/swagger-ui.css'. Physical path: 'N/A'
2025-05-22 21:11:22.055 -03:00 [INF] Request starting HTTP/1.1 GET http://localhost:5051/swagger/swagger-ui-standalone-preset.js - null null
2025-05-22 21:11:22.060 -03:00 [INF] Request finished HTTP/1.1 GET http://localhost:5051/swagger/swagger-ui.css - 200 154948 text/css 41.4939ms
2025-05-22 21:11:22.066 -03:00 [INF] Sending file. Request path: '/swagger-ui-standalone-preset.js'. Physical path: 'N/A'
2025-05-22 21:11:22.066 -03:00 [INF] Sending file. Request path: '/swagger-ui-bundle.js'. Physical path: 'N/A'
2025-05-22 21:11:22.068 -03:00 [INF] Request starting HTTP/1.1 GET http://localhost:5051/swagger/index.js - null null
2025-05-22 21:11:22.070 -03:00 [INF] Request finished HTTP/1.1 GET http://localhost:5051/swagger/swagger-ui-standalone-preset.js - 200 229223 text/javascript 15.6191ms
2025-05-22 21:11:22.079 -03:00 [INF] Request finished HTTP/1.1 GET http://localhost:5051/swagger/swagger-ui-bundle.js - 200 1466324 text/javascript 59.7676ms
2025-05-22 21:11:22.084 -03:00 [INF] Request finished HTTP/1.1 GET http://localhost:5051/swagger/index.js - 200 null application/javascript;charset=utf-8 15.8412ms
2025-05-22 21:11:22.332 -03:00 [INF] Request starting HTTP/1.1 GET http://localhost:5051/swagger/v1/swagger.json - null null
2025-05-22 21:11:22.530 -03:00 [INF] Request finished HTTP/1.1 GET http://localhost:5051/swagger/v1/swagger.json - 200 null application/json;charset=utf-8 198.1173ms
2025-05-22 21:12:24.785 -03:00 [INF] Request starting HTTP/1.1 POST http://127.0.0.1:5051/api/Moderador/new - application/json 107
2025-05-22 21:12:24.793 -03:00 [INF] Request from: []
2025-05-22 21:12:24.824 -03:00 [INF] Authorization failed. These requirements were not met:
RolesAuthorizationRequirement:User.IsInRole must be true for one of the following roles: (Moderador)
2025-05-22 21:12:24.843 -03:00 [INF] Request finished HTTP/1.1 POST http://127.0.0.1:5051/api/Moderador/new - 401 null application/json 58.2707ms
2025-05-22 21:12:41.178 -03:00 [INF] Application is shutting down...
2025-05-22 21:12:55.976 -03:00 [INF] Swagger UI available at http://localhost:5051/swagger/index.html
2025-05-22 21:12:56.079 -03:00 [INF] Server starting and listening on http://0.0.0.0:5051
2025-05-22 21:12:56.107 -03:00 [INF] User profile is available. Using 'C:\Users\thiag\AppData\Local\ASP.NET\DataProtection-Keys' as key repository and Windows DPAPI to encrypt keys at rest.
2025-05-22 21:12:56.172 -03:00 [INF] Now listening on: http://0.0.0.0:5051
2025-05-22 21:12:56.175 -03:00 [INF] Application started. Press Ctrl+C to shut down.
2025-05-22 21:12:56.176 -03:00 [INF] Hosting environment: Development
2025-05-22 21:12:56.177 -03:00 [INF] Content root path: C:\Repos\pmg-es-2025-1-ti4-3170100-pesquisa-bh-tec\Codigo\Backend\EcoScale
2025-05-22 21:13:03.479 -03:00 [INF] Request starting HTTP/1.1 POST http://127.0.0.1:5051/api/Moderador/new - application/json 107
2025-05-22 21:13:03.520 -03:00 [INF] Request from: []
2025-05-22 21:13:03.548 -03:00 [INF] Executing endpoint 'EcoScale.src.Controllers.ModeradorController.New (EcoScale)'
2025-05-22 21:13:03.566 -03:00 [INF] Route matched with {action = "New", controller = "Moderador"}. Executing controller action with signature System.Threading.Tasks.Task`1[Microsoft.AspNetCore.Mvc.IActionResult] New(EcoScale.src.Public.DTOs.ModeradorCreationRequest) on controller EcoScale.src.Controllers.ModeradorController (EcoScale).
2025-05-22 21:13:04.735 -03:00 [INF] Executed DbCommand (39ms) [Parameters=[@p0='?', @p1='?' (DbType = Boolean), @p2='?' (DbType = Int32), @p3='?'], CommandType='"Text"', CommandTimeout='30']
INSERT INTO usuario (email, boo_email_confirmado, role, senha)
VALUES (@p0, @p1, @p2, @p3)
RETURNING usuario_id;
2025-05-22 21:13:04.769 -03:00 [INF] Executed DbCommand (11ms) [Parameters=[@p4='?' (DbType = Int32), @p5='?'], CommandType='"Text"', CommandTimeout='30']
INSERT INTO moderador (usuario_id, nome)
VALUES (@p4, @p5);
2025-05-22 21:13:04.837 -03:00 [INF] Executing CreatedAtActionResult, writing value of type '<>f__AnonymousType18`1[[EcoScale.src.Public.DTOs.CreationResponse`1[[EcoScale.src.Models.Moderador, EcoScale, Version=1.0.0.0, Culture=neutral, PublicKeyToken=null]], EcoScale, Version=1.0.0.0, Culture=neutral, PublicKeyToken=null]]'.
2025-05-22 21:13:04.879 -03:00 [INF] Executed action EcoScale.src.Controllers.ModeradorController.New (EcoScale) in 1306.7473ms
2025-05-22 21:13:04.886 -03:00 [INF] Executed endpoint 'EcoScale.src.Controllers.ModeradorController.New (EcoScale)'
2025-05-22 21:13:04.894 -03:00 [INF] Request finished HTTP/1.1 POST http://127.0.0.1:5051/api/Moderador/new - 201 null application/json; charset=utf-8 1416.6197ms
2025-05-22 21:13:56.297 -03:00 [INF] Request starting HTTP/1.1 PUT http://127.0.0.1:5051/api/Planilha/new - application/json 52440
2025-05-22 21:13:56.303 -03:00 [INF] Request from: []
2025-05-22 21:13:56.352 -03:00 [INF] Executing endpoint '405 HTTP Method Not Supported'
2025-05-22 21:13:56.355 -03:00 [INF] Executed endpoint '405 HTTP Method Not Supported'
2025-05-22 21:13:56.357 -03:00 [INF] Request finished HTTP/1.1 PUT http://127.0.0.1:5051/api/Planilha/new - 405 0 null 60.055ms
2025-05-22 21:14:00.445 -03:00 [INF] Request starting HTTP/1.1 POST http://127.0.0.1:5051/api/Planilha/new - application/json 52440
2025-05-22 21:14:00.448 -03:00 [INF] Request from: []
2025-05-22 21:14:00.454 -03:00 [INF] Executing endpoint 'EcoScale.src.Controllers.PlanilhaController.CreatePlanilha (EcoScale)'
2025-05-22 21:14:00.461 -03:00 [INF] Route matched with {action = "CreatePlanilha", controller = "Planilha"}. Executing controller action with signature System.Threading.Tasks.Task`1[Microsoft.AspNetCore.Mvc.IActionResult] CreatePlanilha(EcoScale.src.Public.DTOs.PlanilhaCreationRequest) on controller EcoScale.src.Controllers.PlanilhaController (EcoScale).
2025-05-22 21:14:00.618 -03:00 [INF] Executed DbCommand (6ms) [Parameters=[@p0='?' (DbType = Boolean)], CommandType='"Text"', CommandTimeout='30']
INSERT INTO planilha (boo_excluido)
VALUES (@p0)
RETURNING planilha_id;
2025-05-22 21:14:00.630 -03:00 [INF] Executed DbCommand (5ms) [Parameters=[@p1='?', @p2='?' (DbType = Int32), @p3='?', @p4='?' (DbType = Int32), @p5='?', @p6='?' (DbType = Int32)], CommandType='"Text"', CommandTimeout='30']
INSERT INTO area_planilha (nom_area, planilha_id)
VALUES (@p1, @p2)
RETURNING area_planilha_id;
INSERT INTO area_planilha (nom_area, planilha_id)
VALUES (@p3, @p4)
RETURNING area_planilha_id;
INSERT INTO area_planilha (nom_area, planilha_id)
VALUES (@p5, @p6)
RETURNING area_planilha_id;
2025-05-22 21:14:00.643 -03:00 [INF] Executed DbCommand (6ms) [Parameters=[@p7='?', @p8='?' (DbType = Int32), @p9='?', @p10='?' (DbType = Int32), @p11='?', @p12='?' (DbType = Int32), @p13='?', @p14='?' (DbType = Int32), @p15='?', @p16='?' (DbType = Int32), @p17='?', @p18='?' (DbType = Int32), @p19='?', @p20='?' (DbType = Int32), @p21='?', @p22='?' (DbType = Int32), @p23='?', @p24='?' (DbType = Int32), @p25='?', @p26='?' (DbType = Int32), @p27='?', @p28='?' (DbType = Int32), @p29='?', @p30='?' (DbType = Int32), @p31='?', @p32='?' (DbType = Int32), @p33='?', @p34='?' (DbType = Int32)], CommandType='"Text"', CommandTimeout='30']
INSERT INTO tema_planilha (nom_tema, area_planilha_id)
VALUES (@p7, @p8)
RETURNING tema_planilha_id;
INSERT INTO tema_planilha (nom_tema, area_planilha_id)
VALUES (@p9, @p10)
RETURNING tema_planilha_id;
INSERT INTO tema_planilha (nom_tema, area_planilha_id)
VALUES (@p11, @p12)
RETURNING tema_planilha_id;
INSERT INTO tema_planilha (nom_tema, area_planilha_id)
VALUES (@p13, @p14)
RETURNING tema_planilha_id;
INSERT INTO tema_planilha (nom_tema, area_planilha_id)
VALUES (@p15, @p16)
RETURNING tema_planilha_id;
INSERT INTO tema_planilha (nom_tema, area_planilha_id)
VALUES (@p17, @p18)
RETURNING tema_planilha_id;
INSERT INTO tema_planilha (nom_tema, area_planilha_id)
VALUES (@p19, @p20)
RETURNING tema_planilha_id;
INSERT INTO tema_planilha (nom_tema, area_planilha_id)
VALUES (@p21, @p22)
RETURNING tema_planilha_id;
INSERT INTO tema_planilha (nom_tema, area_planilha_id)
VALUES (@p23, @p24)
RETURNING tema_planilha_id;
INSERT INTO tema_planilha (nom_tema, area_planilha_id)
VALUES (@p25, @p26)
RETURNING tema_planilha_id;
INSERT INTO tema_planilha (nom_tema, area_planilha_id)
VALUES (@p27, @p28)
RETURNING tema_planilha_id;
INSERT INTO tema_planilha (nom_tema, area_planilha_id)
VALUES (@p29, @p30)
RETURNING tema_planilha_id;
INSERT INTO tema_planilha (nom_tema, area_planilha_id)
VALUES (@p31, @p32)
RETURNING tema_planilha_id;
INSERT INTO tema_planilha (nom_tema, area_planilha_id)
VALUES (@p33, @p34)
RETURNING tema_planilha_id;
2025-05-22 21:14:00.662 -03:00 [INF] Executed DbCommand (9ms) [Parameters=[@p35='?', @p36='?' (DbType = Int32), @p37='?', @p38='?' (DbType = Int32), @p39='?', @p40='?' (DbType = Int32), @p41='?', @p42='?' (DbType = Int32), @p43='?', @p44='?' (DbType = Int32), @p45='?', @p46='?' (DbType = Int32), @p47='?', @p48='?' (DbType = Int32), @p49='?', @p50='?' (DbType = Int32), @p51='?', @p52='?' (DbType = Int32), @p53='?', @p54='?' (DbType = Int32), @p55='?', @p56='?' (DbType = Int32), @p57='?', @p58='?' (DbType = Int32), @p59='?', @p60='?' (DbType = Int32), @p61='?', @p62='?' (DbType = Int32), @p63='?', @p64='?' (DbType = Int32), @p65='?', @p66='?' (DbType = Int32), @p67='?', @p68='?' (DbType = Int32), @p69='?', @p70='?' (DbType = Int32), @p71='?', @p72='?' (DbType = Int32), @p73='?', @p74='?' (DbType = Int32), @p75='?', @p76='?' (DbType = Int32), @p77='?', @p78='?' (DbType = Int32), @p79='?', @p80='?' (DbType = Int32), @p81='?', @p82='?' (DbType = Int32), @p83='?', @p84='?' (DbType = Int32), @p85='?', @p86='?' (DbType = Int32), @p87='?', @p88='?' (DbType = Int32), @p89='?', @p90='?' (DbType = Int32), @p91='?', @p92='?' (DbType = Int32), @p93='?', @p94='?' (DbType = Int32), @p95='?', @p96='?' (DbType = Int32), @p97='?', @p98='?' (DbType = Int32), @p99='?', @p100='?' (DbType = Int32), @p101='?', @p102='?' (DbType = Int32), @p103='?', @p104='?' (DbType = Int32), @p105='?', @p106='?' (DbType = Int32), @p107='?', @p108='?' (DbType = Int32), @p109='?', @p110='?' (DbType = Int32), @p111='?', @p112='?' (DbType = Int32), @p113='?', @p114='?' (DbType = Int32), @p115='?', @p116='?' (DbType = Int32)], CommandType='"Text"', CommandTimeout='30']
INSERT INTO criterio_planilha (nom_criterio, tema_planilha_id)
VALUES (@p35, @p36)
RETURNING criterio_planilha_id;
INSERT INTO criterio_planilha (nom_criterio, tema_planilha_id)
VALUES (@p37, @p38)
RETURNING criterio_planilha_id;
INSERT INTO criterio_planilha (nom_criterio, tema_planilha_id)
VALUES (@p39, @p40)
RETURNING criterio_planilha_id;
INSERT INTO criterio_planilha (nom_criterio, tema_planilha_id)
VALUES (@p41, @p42)
RETURNING criterio_planilha_id;
INSERT INTO criterio_planilha (nom_criterio, tema_planilha_id)
VALUES (@p43, @p44)
RETURNING criterio_planilha_id;
INSERT INTO criterio_planilha (nom_criterio, tema_planilha_id)
VALUES (@p45, @p46)
RETURNING criterio_planilha_id;
INSERT INTO criterio_planilha (nom_criterio, tema_planilha_id)
VALUES (@p47, @p48)
RETURNING criterio_planilha_id;
INSERT INTO criterio_planilha (nom_criterio, tema_planilha_id)
VALUES (@p49, @p50)
RETURNING criterio_planilha_id;
INSERT INTO criterio_planilha (nom_criterio, tema_planilha_id)
VALUES (@p51, @p52)
RETURNING criterio_planilha_id;
INSERT INTO criterio_planilha (nom_criterio, tema_planilha_id)
VALUES (@p53, @p54)
RETURNING criterio_planilha_id;
INSERT INTO criterio_planilha (nom_criterio, tema_planilha_id)
VALUES (@p55, @p56)
RETURNING criterio_planilha_id;
INSERT INTO criterio_planilha (nom_criterio, tema_planilha_id)
VALUES (@p57, @p58)
RETURNING criterio_planilha_id;
INSERT INTO criterio_planilha (nom_criterio, tema_planilha_id)
VALUES (@p59, @p60)
RETURNING criterio_planilha_id;
INSERT INTO criterio_planilha (nom_criterio, tema_planilha_id)
VALUES (@p61, @p62)
RETURNING criterio_planilha_id;
INSERT INTO criterio_planilha (nom_criterio, tema_planilha_id)
VALUES (@p63, @p64)
RETURNING criterio_planilha_id;
INSERT INTO criterio_planilha (nom_criterio, tema_planilha_id)
VALUES (@p65, @p66)
RETURNING criterio_planilha_id;
INSERT INTO criterio_planilha (nom_criterio, tema_planilha_id)
VALUES (@p67, @p68)
RETURNING criterio_planilha_id;
INSERT INTO criterio_planilha (nom_criterio, tema_planilha_id)
VALUES (@p69, @p70)
RETURNING criterio_planilha_id;
INSERT INTO criterio_planilha (nom_criterio, tema_planilha_id)
VALUES (@p71, @p72)
RETURNING criterio_planilha_id;
INSERT INTO criterio_planilha (nom_criterio, tema_planilha_id)
VALUES (@p73, @p74)
RETURNING criterio_planilha_id;
INSERT INTO criterio_planilha (nom_criterio, tema_planilha_id)
VALUES (@p75, @p76)
RETURNING criterio_planilha_id;
INSERT INTO criterio_planilha (nom_criterio, tema_planilha_id)
VALUES (@p77, @p78)
RETURNING criterio_planilha_id;
INSERT INTO criterio_planilha (nom_criterio, tema_planilha_id)
VALUES (@p79, @p80)
RETURNING criterio_planilha_id;
INSERT INTO criterio_planilha (nom_criterio, tema_planilha_id)
VALUES (@p81, @p82)
RETURNING criterio_planilha_id;
INSERT INTO criterio_planilha (nom_criterio, tema_planilha_id)
VALUES (@p83, @p84)
RETURNING criterio_planilha_id;
INSERT INTO criterio_planilha (nom_criterio, tema_planilha_id)
VALUES (@p85, @p86)
RETURNING criterio_planilha_id;
INSERT INTO criterio_planilha (nom_criterio, tema_planilha_id)
VALUES (@p87, @p88)
RETURNING criterio_planilha_id;
INSERT INTO criterio_planilha (nom_criterio, tema_planilha_id)
VALUES (@p89, @p90)
RETURNING criterio_planilha_id;
INSERT INTO criterio_planilha (nom_criterio, tema_planilha_id)
VALUES (@p91, @p92)
RETURNING criterio_planilha_id;
INSERT INTO criterio_planilha (nom_criterio, tema_planilha_id)
VALUES (@p93, @p94)
RETURNING criterio_planilha_id;
INSERT INTO criterio_planilha (nom_criterio, tema_planilha_id)
VALUES (@p95, @p96)
RETURNING criterio_planilha_id;
INSERT INTO criterio_planilha (nom_criterio, tema_planilha_id)
VALUES (@p97, @p98)
RETURNING criterio_planilha_id;
INSERT INTO criterio_planilha (nom_criterio, tema_planilha_id)
VALUES (@p99, @p100)
RETURNING criterio_planilha_id;
INSERT INTO criterio_planilha (nom_criterio, tema_planilha_id)
VALUES (@p101, @p102)
RETURNING criterio_planilha_id;
INSERT INTO criterio_planilha (nom_criterio, tema_planilha_id)
VALUES (@p103, @p104)
RETURNING criterio_planilha_id;
INSERT INTO criterio_planilha (nom_criterio, tema_planilha_id)
VALUES (@p105, @p106)
RETURNING criterio_planilha_id;
INSERT INTO criterio_planilha (nom_criterio, tema_planilha_id)
VALUES (@p107, @p108)
RETURNING criterio_planilha_id;
INSERT INTO criterio_planilha (nom_criterio, tema_planilha_id)
VALUES (@p109, @p110)
RETURNING criterio_planilha_id;
INSERT INTO criterio_planilha (nom_criterio, tema_planilha_id)
VALUES (@p111, @p112)
RETURNING criterio_planilha_id;
INSERT INTO criterio_planilha (nom_criterio, tema_planilha_id)
VALUES (@p113, @p114)
RETURNING criterio_planilha_id;
INSERT INTO criterio_planilha (nom_criterio, tema_planilha_id)
VALUES (@p115, @p116)
RETURNING criterio_planilha_id;
2025-05-22 21:14:00.702 -03:00 [INF] Executed DbCommand (18ms) [Parameters=[@p117='?', @p118='?' (DbType = Int32), @p119='?', @p120='?' (DbType = Int32), @p121='?', @p122='?' (DbType = Int32), @p123='?', @p124='?' (DbType = Int32), @p125='?', @p126='?' (DbType = Int32), @p127='?', @p128='?' (DbType = Int32), @p129='?', @p130='?' (DbType = Int32), @p131='?', @p132='?' (DbType = Int32), @p133='?', @p134='?' (DbType = Int32), @p135='?', @p136='?' (DbType = Int32), @p137='?', @p138='?' (DbType = Int32), @p139='?', @p140='?' (DbType = Int32), @p141='?', @p142='?' (DbType = Int32), @p143='?', @p144='?' (DbType = Int32), @p145='?', @p146='?' (DbType = Int32), @p147='?', @p148='?' (DbType = Int32), @p149='?', @p150='?' (DbType = Int32), @p151='?', @p152='?' (DbType = Int32), @p153='?', @p154='?' (DbType = Int32), @p155='?', @p156='?' (DbType = Int32), @p157='?', @p158='?' (DbType = Int32), @p159='?', @p160='?' (DbType = Int32), @p161='?', @p162='?' (DbType = Int32), @p163='?', @p164='?' (DbType = Int32), @p165='?', @p166='?' (DbType = Int32), @p167='?', @p168='?' (DbType = Int32), @p169='?', @p170='?' (DbType = Int32), @p171='?', @p172='?' (DbType = Int32), @p173='?', @p174='?' (DbType = Int32), @p175='?', @p176='?' (DbType = Int32), @p177='?', @p178='?' (DbType = Int32), @p179='?', @p180='?' (DbType = Int32), @p181='?', @p182='?' (DbType = Int32), @p183='?', @p184='?' (DbType = Int32), @p185='?', @p186='?' (DbType = Int32), @p187='?', @p188='?' (DbType = Int32), @p189='?', @p190='?' (DbType = Int32), @p191='?', @p192='?' (DbType = Int32), @p193='?', @p194='?' (DbType = Int32), @p195='?', @p196='?' (DbType = Int32), @p197='?', @p198='?' (DbType = Int32), @p199='?', @p200='?' (DbType = Int32), @p201='?', @p202='?' (DbType = Int32), @p203='?', @p204='?' (DbType = Int32), @p205='?', @p206='?' (DbType = Int32), @p207='?', @p208='?' (DbType = Int32), @p209='?', @p210='?' (DbType = Int32), @p211='?', @p212='?' (DbType = Int32), @p213='?', @p214='?' (DbType = Int32), @p215='?', @p216='?' (DbType = Int32), @p217='?', @p218='?' (DbType = Int32), @p219='?', @p220='?' (DbType = Int32), @p221='?', @p222='?' (DbType = Int32), @p223='?', @p224='?' (DbType = Int32), @p225='?', @p226='?' (DbType = Int32), @p227='?', @p228='?' (DbType = Int32), @p229='?', @p230='?' (DbType = Int32), @p231='?', @p232='?' (DbType = Int32), @p233='?', @p234='?' (DbType = Int32), @p235='?', @p236='?' (DbType = Int32), @p237='?', @p238='?' (DbType = Int32), @p239='?', @p240='?' (DbType = Int32), @p241='?', @p242='?' (DbType = Int32), @p243='?', @p244='?' (DbType = Int32), @p245='?', @p246='?' (DbType = Int32), @p247='?', @p248='?' (DbType = Int32), @p249='?', @p250='?' (DbType = Int32), @p251='?', @p252='?' (DbType = Int32), @p253='?', @p254='?' (DbType = Int32), @p255='?', @p256='?' (DbType = Int32), @p257='?', @p258='?' (DbType = Int32), @p259='?', @p260='?' (DbType = Int32), @p261='?', @p262='?' (DbType = Int32), @p263='?', @p264='?' (DbType = Int32), @p265='?', @p266='?' (DbType = Int32), @p267='?', @p268='?' (DbType = Int32), @p269='?', @p270='?' (DbType = Int32), @p271='?', @p272='?' (DbType = Int32), @p273='?', @p274='?' (DbType = Int32), @p275='?', @p276='?' (DbType = Int32), @p277='?', @p278='?' (DbType = Int32), @p279='?', @p280='?' (DbType = Int32), @p281='?', @p282='?' (DbType = Int32), @p283='?', @p284='?' (DbType = Int32), @p285='?', @p286='?' (DbType = Int32), @p287='?', @p288='?' (DbType = Int32), @p289='?', @p290='?' (DbType = Int32), @p291='?', @p292='?' (DbType = Int32), @p293='?', @p294='?' (DbType = Int32), @p295='?', @p296='?' (DbType = Int32), @p297='?', @p298='?' (DbType = Int32), @p299='?', @p300='?' (DbType = Int32), @p301='?', @p302='?' (DbType = Int32), @p303='?', @p304='?' (DbType = Int32), @p305='?', @p306='?' (DbType = Int32), @p307='?', @p308='?' (DbType = Int32), @p309='?', @p310='?' (DbType = Int32), @p311='?', @p312='?' (DbType = Int32), @p313='?', @p314='?' (DbType = Int32), @p315='?', @p316='?' (DbType = Int32), @p317='?', @p318='?' (DbType = Int32), @p319='?', @p320='?' (DbType = Int32), @p321='?', @p322='?' (DbType = Int32), @p323='?', @p324='?' (DbType = Int32), @p325='?', @p326='?' (DbType = Int32), @p327='?', @p328='?' (DbType = Int32), @p329='?', @p330='?' (DbType = Int32), @p331='?', @p332='?' (DbType = Int32), @p333='?', @p334='?' (DbType = Int32), @p335='?', @p336='?' (DbType = Int32), @p337='?', @p338='?' (DbType = Int32), @p339='?', @p340='?' (DbType = Int32), @p341='?', @p342='?' (DbType = Int32), @p343='?', @p344='?' (DbType = Int32), @p345='?', @p346='?' (DbType = Int32), @p347='?', @p348='?' (DbType = Int32), @p349='?', @p350='?' (DbType = Int32), @p351='?', @p352='?' (DbType = Int32), @p353='?', @p354='?' (DbType = Int32), @p355='?', @p356='?' (DbType = Int32), @p357='?', @p358='?' (DbType = Int32), @p359='?', @p360='?' (DbType = Int32), @p361='?', @p362='?' (DbType = Int32), @p363='?', @p364='?' (DbType = Int32), @p365='?', @p366='?' (DbType = Int32), @p367='?', @p368='?' (DbType = Int32), @p369='?', @p370='?' (DbType = Int32), @p371='?', @p372='?' (DbType = Int32), @p373='?', @p374='?' (DbType = Int32), @p375='?', @p376='?' (DbType = Int32), @p377='?', @p378='?' (DbType = Int32), @p379='?', @p380='?' (DbType = Int32), @p381='?', @p382='?' (DbType = Int32), @p383='?', @p384='?' (DbType = Int32), @p385='?', @p386='?' (DbType = Int32), @p387='?', @p388='?' (DbType = Int32), @p389='?', @p390='?' (DbType = Int32), @p391='?', @p392='?' (DbType = Int32), @p393='?', @p394='?' (DbType = Int32), @p395='?', @p396='?' (DbType = Int32), @p397='?', @p398='?' (DbType = Int32), @p399='?', @p400='?' (DbType = Int32), @p401='?', @p402='?' (DbType = Int32), @p403='?', @p404='?' (DbType = Int32), @p405='?', @p406='?' (DbType = Int32), @p407='?', @p408='?' (DbType = Int32), @p409='?', @p410='?' (DbType = Int32)], CommandType='"Text"', CommandTimeout='30']
INSERT INTO item_avaliado_planilha (dsc_item, criterio_planilha_id)
VALUES (@p117, @p118)
RETURNING item_avaliado_planilha_id;
INSERT INTO item_avaliado_planilha (dsc_item, criterio_planilha_id)
VALUES (@p119, @p120)
RETURNING item_avaliado_planilha_id;
INSERT INTO item_avaliado_planilha (dsc_item, criterio_planilha_id)
VALUES (@p121, @p122)
RETURNING item_avaliado_planilha_id;
INSERT INTO item_avaliado_planilha (dsc_item, criterio_planilha_id)
VALUES (@p123, @p124)
RETURNING item_avaliado_planilha_id;
INSERT INTO item_avaliado_planilha (dsc_item, criterio_planilha_id)
VALUES (@p125, @p126)
RETURNING item_avaliado_planilha_id;
INSERT INTO item_avaliado_planilha (dsc_item, criterio_planilha_id)
VALUES (@p127, @p128)
RETURNING item_avaliado_planilha_id;
INSERT INTO item_avaliado_planilha (dsc_item, criterio_planilha_id)
VALUES (@p129, @p130)
RETURNING item_avaliado_planilha_id;
INSERT INTO item_avaliado_planilha (dsc_item, criterio_planilha_id)
VALUES (@p131, @p132)
RETURNING item_avaliado_planilha_id;
INSERT INTO item_avaliado_planilha (dsc_item, criterio_planilha_id)
VALUES (@p133, @p134)
RETURNING item_avaliado_planilha_id;
INSERT INTO item_avaliado_planilha (dsc_item, criterio_planilha_id)
VALUES (@p135, @p136)
RETURNING item_avaliado_planilha_id;
INSERT INTO item_avaliado_planilha (dsc_item, criterio_planilha_id)
VALUES (@p137, @p138)
RETURNING item_avaliado_planilha_id;
INSERT INTO item_avaliado_planilha (dsc_item, criterio_planilha_id)
VALUES (@p139, @p140)
RETURNING item_avaliado_planilha_id;
INSERT INTO item_avaliado_planilha (dsc_item, criterio_planilha_id)
VALUES (@p141, @p142)
RETURNING item_avaliado_planilha_id;
INSERT INTO item_avaliado_planilha (dsc_item, criterio_planilha_id)
VALUES (@p143, @p144)
RETURNING item_avaliado_planilha_id;
INSERT INTO item_avaliado_planilha (dsc_item, criterio_planilha_id)
VALUES (@p145, @p146)
RETURNING item_avaliado_planilha_id;
INSERT INTO item_avaliado_planilha (dsc_item, criterio_planilha_id)
VALUES (@p147, @p148)
RETURNING item_avaliado_planilha_id;
INSERT INTO item_avaliado_planilha (dsc_item, criterio_planilha_id)
VALUES (@p149, @p150)
RETURNING item_avaliado_planilha_id;
INSERT INTO item_avaliado_planilha (dsc_item, criterio_planilha_id)
VALUES (@p151, @p152)
RETURNING item_avaliado_planilha_id;
INSERT INTO item_avaliado_planilha (dsc_item, criterio_planilha_id)
VALUES (@p153, @p154)
RETURNING item_avaliado_planilha_id;
INSERT INTO item_avaliado_planilha (dsc_item, criterio_planilha_id)
VALUES (@p155, @p156)
RETURNING item_avaliado_planilha_id;
INSERT INTO item_avaliado_planilha (dsc_item, criterio_planilha_id)
VALUES (@p157, @p158)
RETURNING item_avaliado_planilha_id;
INSERT INTO item_avaliado_planilha (dsc_item, criterio_planilha_id)
VALUES (@p159, @p160)
RETURNING item_avaliado_planilha_id;
INSERT INTO item_avaliado_planilha (dsc_item, criterio_planilha_id)
VALUES (@p161, @p162)
RETURNING item_avaliado_planilha_id;
INSERT INTO item_avaliado_planilha (dsc_item, criterio_planilha_id)
VALUES (@p163, @p164)
RETURNING item_avaliado_planilha_id;
INSERT INTO item_avaliado_planilha (dsc_item, criterio_planilha_id)
VALUES (@p165, @p166)
RETURNING item_avaliado_planilha_id;
INSERT INTO item_avaliado_planilha (dsc_item, criterio_planilha_id)
VALUES (@p167, @p168)
RETURNING item_avaliado_planilha_id;
INSERT INTO item_avaliado_planilha (dsc_item, criterio_planilha_id)
VALUES (@p169, @p170)
RETURNING item_avaliado_planilha_id;
INSERT INTO item_avaliado_planilha (dsc_item, criterio_planilha_id)
VALUES (@p171, @p172)
RETURNING item_avaliado_planilha_id;
INSERT INTO item_avaliado_planilha (dsc_item, criterio_planilha_id)
VALUES (@p173, @p174)
RETURNING item_avaliado_planilha_id;
INSERT INTO item_avaliado_planilha (dsc_item, criterio_planilha_id)
VALUES (@p175, @p176)
RETURNING item_avaliado_planilha_id;
INSERT INTO item_avaliado_planilha (dsc_item, criterio_planilha_id)
VALUES (@p177, @p178)
RETURNING item_avaliado_planilha_id;
INSERT INTO item_avaliado_planilha (dsc_item, criterio_planilha_id)
VALUES (@p179, @p180)
RETURNING item_avaliado_planilha_id;
INSERT INTO item_avaliado_planilha (dsc_item, criterio_planilha_id)
VALUES (@p181, @p182)
RETURNING item_avaliado_planilha_id;
INSERT INTO item_avaliado_planilha (dsc_item, criterio_planilha_id)
VALUES (@p183, @p184)
RETURNING item_avaliado_planilha_id;
INSERT INTO item_avaliado_planilha (dsc_item, criterio_planilha_id)
VALUES (@p185, @p186)
RETURNING item_avaliado_planilha_id;
INSERT INTO item_avaliado_planilha (dsc_item, criterio_planilha_id)
VALUES (@p187, @p188)
RETURNING item_avaliado_planilha_id;
INSERT INTO item_avaliado_planilha (dsc_item, criterio_planilha_id)
VALUES (@p189, @p190)
RETURNING item_avaliado_planilha_id;
INSERT INTO item_avaliado_planilha (dsc_item, criterio_planilha_id)
VALUES (@p191, @p192)
RETURNING item_avaliado_planilha_id;
INSERT INTO item_avaliado_planilha (dsc_item, criterio_planilha_id)
VALUES (@p193, @p194)
RETURNING item_avaliado_planilha_id;
INSERT INTO item_avaliado_planilha (dsc_item, criterio_planilha_id)
VALUES (@p195, @p196)
RETURNING item_avaliado_planilha_id;
INSERT INTO item_avaliado_planilha (dsc_item, criterio_planilha_id)
VALUES (@p197, @p198)
RETURNING item_avaliado_planilha_id;
INSERT INTO item_avaliado_planilha (dsc_item, criterio_planilha_id)
VALUES (@p199, @p200)
RETURNING item_avaliado_planilha_id;
INSERT INTO item_avaliado_planilha (dsc_item, criterio_planilha_id)
VALUES (@p201, @p202)
RETURNING item_avaliado_planilha_id;
INSERT INTO item_avaliado_planilha (dsc_item, criterio_planilha_id)
VALUES (@p203, @p204)
RETURNING item_avaliado_planilha_id;
INSERT INTO item_avaliado_planilha (dsc_item, criterio_planilha_id)
VALUES (@p205, @p206)
RETURNING item_avaliado_planilha_id;
INSERT INTO item_avaliado_planilha (dsc_item, criterio_planilha_id)
VALUES (@p207, @p208)
RETURNING item_avaliado_planilha_id;
INSERT INTO item_avaliado_planilha (dsc_item, criterio_planilha_id)
VALUES (@p209, @p210)
RETURNING item_avaliado_planilha_id;
INSERT INTO item_avaliado_planilha (dsc_item, criterio_planilha_id)
VALUES (@p211, @p212)
RETURNING item_avaliado_planilha_id;
INSERT INTO item_avaliado_planilha (dsc_item, criterio_planilha_id)
VALUES (@p213, @p214)
RETURNING item_avaliado_planilha_id;
INSERT INTO item_avaliado_planilha (dsc_item, criterio_planilha_id)
VALUES (@p215, @p216)
RETURNING item_avaliado_planilha_id;
INSERT INTO item_avaliado_planilha (dsc_item, criterio_planilha_id)
VALUES (@p217, @p218)
RETURNING item_avaliado_planilha_id;
INSERT INTO item_avaliado_planilha (dsc_item, criterio_planilha_id)
VALUES (@p219, @p220)
RETURNING item_avaliado_planilha_id;
INSERT INTO item_avaliado_planilha (dsc_item, criterio_planilha_id)
VALUES (@p221, @p222)
RETURNING item_avaliado_planilha_id;
INSERT INTO item_avaliado_planilha (dsc_item, criterio_planilha_id)
VALUES (@p223, @p224)
RETURNING item_avaliado_planilha_id;
INSERT INTO item_avaliado_planilha (dsc_item, criterio_planilha_id)
VALUES (@p225, @p226)
RETURNING item_avaliado_planilha_id;
INSERT INTO item_avaliado_planilha (dsc_item, criterio_planilha_id)
VALUES (@p227, @p228)
RETURNING item_avaliado_planilha_id;
INSERT INTO item_avaliado_planilha (dsc_item, criterio_planilha_id)
VALUES (@p229, @p230)
RETURNING item_avaliado_planilha_id;
INSERT INTO item_avaliado_planilha (dsc_item, criterio_planilha_id)
VALUES (@p231, @p232)
RETURNING item_avaliado_planilha_id;
INSERT INTO item_avaliado_planilha (dsc_item, criterio_planilha_id)
VALUES (@p233, @p234)
RETURNING item_avaliado_planilha_id;
INSERT INTO item_avaliado_planilha (dsc_item, criterio_planilha_id)
VALUES (@p235, @p236)
RETURNING item_avaliado_planilha_id;
INSERT INTO item_avaliado_planilha (dsc_item, criterio_planilha_id)
VALUES (@p237, @p238)
RETURNING item_avaliado_planilha_id;
INSERT INTO item_avaliado_planilha (dsc_item, criterio_planilha_id)
VALUES (@p239, @p240)
RETURNING item_avaliado_planilha_id;
INSERT INTO item_avaliado_planilha (dsc_item, criterio_planilha_id)
VALUES (@p241, @p242)
RETURNING item_avaliado_planilha_id;
INSERT INTO item_avaliado_planilha (dsc_item, criterio_planilha_id)
VALUES (@p243, @p244)
RETURNING item_avaliado_planilha_id;
INSERT INTO item_avaliado_planilha (dsc_item, criterio_planilha_id)
VALUES (@p245, @p246)
RETURNING item_avaliado_planilha_id;
INSERT INTO item_avaliado_planilha (dsc_item, criterio_planilha_id)
VALUES (@p247, @p248)
RETURNING item_avaliado_planilha_id;
INSERT INTO item_avaliado_planilha (dsc_item, criterio_planilha_id)
VALUES (@p249, @p250)
RETURNING item_avaliado_planilha_id;
INSERT INTO item_avaliado_planilha (dsc_item, criterio_planilha_id)
VALUES (@p251, @p252)
RETURNING item_avaliado_planilha_id;
INSERT INTO item_avaliado_planilha (dsc_item, criterio_planilha_id)
VALUES (@p253, @p254)
RETURNING item_avaliado_planilha_id;
INSERT INTO item_avaliado_planilha (dsc_item, criterio_planilha_id)
VALUES (@p255, @p256)
RETURNING item_avaliado_planilha_id;
INSERT INTO item_avaliado_planilha (dsc_item, criterio_planilha_id)
VALUES (@p257, @p258)
RETURNING item_avaliado_planilha_id;
INSERT INTO item_avaliado_planilha (dsc_item, criterio_planilha_id)
VALUES (@p259, @p260)
RETURNING item_avaliado_planilha_id;
INSERT INTO item_avaliado_planilha (dsc_item, criterio_planilha_id)
VALUES (@p261, @p262)
RETURNING item_avaliado_planilha_id;
INSERT INTO item_avaliado_planilha (dsc_item, criterio_planilha_id)
VALUES (@p263, @p264)
RETURNING item_avaliado_planilha_id;
INSERT INTO item_avaliado_planilha (dsc_item, criterio_planilha_id)
VALUES (@p265, @p266)
RETURNING item_avaliado_planilha_id;
INSERT INTO item_avaliado_planilha (dsc_item, criterio_planilha_id)
VALUES (@p267, @p268)
RETURNING item_avaliado_planilha_id;
INSERT INTO item_avaliado_planilha (dsc_item, criterio_planilha_id)
VALUES (@p269, @p270)
RETURNING item_avaliado_planilha_id;
INSERT INTO item_avaliado_planilha (dsc_item, criterio_planilha_id)
VALUES (@p271, @p272)
RETURNING item_avaliado_planilha_id;
INSERT INTO item_avaliado_planilha (dsc_item, criterio_planilha_id)
VALUES (@p273, @p274)
RETURNING item_avaliado_planilha_id;
INSERT INTO item_avaliado_planilha (dsc_item, criterio_planilha_id)
VALUES (@p275, @p276)
RETURNING item_avaliado_planilha_id;
INSERT INTO item_avaliado_planilha (dsc_item, criterio_planilha_id)
VALUES (@p277, @p278)
RETURNING item_avaliado_planilha_id;
INSERT INTO item_avaliado_planilha (dsc_item, criterio_planilha_id)
VALUES (@p279, @p280)
RETURNING item_avaliado_planilha_id;
INSERT INTO item_avaliado_planilha (dsc_item, criterio_planilha_id)
VALUES (@p281, @p282)
RETURNING item_avaliado_planilha_id;
INSERT INTO item_avaliado_planilha (dsc_item, criterio_planilha_id)
VALUES (@p283, @p284)
RETURNING item_avaliado_planilha_id;
INSERT INTO item_avaliado_planilha (dsc_item, criterio_planilha_id)
VALUES (@p285, @p286)
RETURNING item_avaliado_planilha_id;
INSERT INTO item_avaliado_planilha (dsc_item, criterio_planilha_id)
VALUES (@p287, @p288)
RETURNING item_avaliado_planilha_id;
INSERT INTO item_avaliado_planilha (dsc_item, criterio_planilha_id)
VALUES (@p289, @p290)
RETURNING item_avaliado_planilha_id;
INSERT INTO item_avaliado_planilha (dsc_item, criterio_planilha_id)
VALUES (@p291, @p292)
RETURNING item_avaliado_planilha_id;
INSERT INTO item_avaliado_planilha (dsc_item, criterio_planilha_id)
VALUES (@p293, @p294)
RETURNING item_avaliado_planilha_id;
INSERT INTO item_avaliado_planilha (dsc_item, criterio_planilha_id)
VALUES (@p295, @p296)
RETURNING item_avaliado_planilha_id;
INSERT INTO item_avaliado_planilha (dsc_item, criterio_planilha_id)
VALUES (@p297, @p298)
RETURNING item_avaliado_planilha_id;
INSERT INTO item_avaliado_planilha (dsc_item, criterio_planilha_id)
VALUES (@p299, @p300)
RETURNING item_avaliado_planilha_id;
INSERT INTO item_avaliado_planilha (dsc_item, criterio_planilha_id)
VALUES (@p301, @p302)
RETURNING item_avaliado_planilha_id;
INSERT INTO item_avaliado_planilha (dsc_item, criterio_planilha_id)
VALUES (@p303, @p304)
RETURNING item_avaliado_planilha_id;
INSERT INTO item_avaliado_planilha (dsc_item, criterio_planilha_id)
VALUES (@p305, @p306)
RETURNING item_avaliado_planilha_id;
INSERT INTO item_avaliado_planilha (dsc_item, criterio_planilha_id)
VALUES (@p307, @p308)
RETURNING item_avaliado_planilha_id;
INSERT INTO item_avaliado_planilha (dsc_item, criterio_planilha_id)
VALUES (@p309, @p310)
RETURNING item_avaliado_planilha_id;
INSERT INTO item_avaliado_planilha (dsc_item, criterio_planilha_id)
VALUES (@p311, @p312)
RETURNING item_avaliado_planilha_id;
INSERT INTO item_avaliado_planilha (dsc_item, criterio_planilha_id)
VALUES (@p313, @p314)
RETURNING item_avaliado_planilha_id;
INSERT INTO item_avaliado_planilha (dsc_item, criterio_planilha_id)
VALUES (@p315, @p316)
RETURNING item_avaliado_planilha_id;
INSERT INTO item_avaliado_planilha (dsc_item, criterio_planilha_id)
VALUES (@p317, @p318)
RETURNING item_avaliado_planilha_id;
INSERT INTO item_avaliado_planilha (dsc_item, criterio_planilha_id)
VALUES (@p319, @p320)
RETURNING item_avaliado_planilha_id;
INSERT INTO item_avaliado_planilha (dsc_item, criterio_planilha_id)
VALUES (@p321, @p322)
RETURNING item_avaliado_planilha_id;
INSERT INTO item_avaliado_planilha (dsc_item, criterio_planilha_id)
VALUES (@p323, @p324)
RETURNING item_avaliado_planilha_id;
INSERT INTO item_avaliado_planilha (dsc_item, criterio_planilha_id)
VALUES (@p325, @p326)
RETURNING item_avaliado_planilha_id;
INSERT INTO item_avaliado_planilha (dsc_item, criterio_planilha_id)
VALUES (@p327, @p328)
RETURNING item_avaliado_planilha_id;
INSERT INTO item_avaliado_planilha (dsc_item, criterio_planilha_id)
VALUES (@p329, @p330)
RETURNING item_avaliado_planilha_id;
INSERT INTO item_avaliado_planilha (dsc_item, criterio_planilha_id)
VALUES (@p331, @p332)
RETURNING item_avaliado_planilha_id;
INSERT INTO item_avaliado_planilha (dsc_item, criterio_planilha_id)
VALUES (@p333, @p334)
RETURNING item_avaliado_planilha_id;
INSERT INTO item_avaliado_planilha (dsc_item, criterio_planilha_id)
VALUES (@p335, @p336)
RETURNING item_avaliado_planilha_id;
INSERT INTO item_avaliado_planilha (dsc_item, criterio_planilha_id)
VALUES (@p337, @p338)
RETURNING item_avaliado_planilha_id;
INSERT INTO item_avaliado_planilha (dsc_item, criterio_planilha_id)
VALUES (@p339, @p340)
RETURNING item_avaliado_planilha_id;
INSERT INTO item_avaliado_planilha (dsc_item, criterio_planilha_id)
VALUES (@p341, @p342)
RETURNING item_avaliado_planilha_id;
INSERT INTO item_avaliado_planilha (dsc_item, criterio_planilha_id)
VALUES (@p343, @p344)
RETURNING item_avaliado_planilha_id;
INSERT INTO item_avaliado_planilha (dsc_item, criterio_planilha_id)
VALUES (@p345, @p346)
RETURNING item_avaliado_planilha_id;
INSERT INTO item_avaliado_planilha (dsc_item, criterio_planilha_id)
VALUES (@p347, @p348)
RETURNING item_avaliado_planilha_id;
INSERT INTO item_avaliado_planilha (dsc_item, criterio_planilha_id)
VALUES (@p349, @p350)
RETURNING item_avaliado_planilha_id;
INSERT INTO item_avaliado_planilha (dsc_item, criterio_planilha_id)
VALUES (@p351, @p352)
RETURNING item_avaliado_planilha_id;
INSERT INTO item_avaliado_planilha (dsc_item, criterio_planilha_id)
VALUES (@p353, @p354)
RETURNING item_avaliado_planilha_id;
INSERT INTO item_avaliado_planilha (dsc_item, criterio_planilha_id)
VALUES (@p355, @p356)
RETURNING item_avaliado_planilha_id;
INSERT INTO item_avaliado_planilha (dsc_item, criterio_planilha_id)
VALUES (@p357, @p358)
RETURNING item_avaliado_planilha_id;
INSERT INTO item_avaliado_planilha (dsc_item, criterio_planilha_id)
VALUES (@p359, @p360)
RETURNING item_avaliado_planilha_id;
INSERT INTO item_avaliado_planilha (dsc_item, criterio_planilha_id)
VALUES (@p361, @p362)
RETURNING item_avaliado_planilha_id;
INSERT INTO item_avaliado_planilha (dsc_item, criterio_planilha_id)
VALUES (@p363, @p364)
RETURNING item_avaliado_planilha_id;
INSERT INTO item_avaliado_planilha (dsc_item, criterio_planilha_id)
VALUES (@p365, @p366)
RETURNING item_avaliado_planilha_id;
INSERT INTO item_avaliado_planilha (dsc_item, criterio_planilha_id)
VALUES (@p367, @p368)
RETURNING item_avaliado_planilha_id;
INSERT INTO item_avaliado_planilha (dsc_item, criterio_planilha_id)
VALUES (@p369, @p370)
RETURNING item_avaliado_planilha_id;
INSERT INTO item_avaliado_planilha (dsc_item, criterio_planilha_id)
VALUES (@p371, @p372)
RETURNING item_avaliado_planilha_id;
INSERT INTO item_avaliado_planilha (dsc_item, criterio_planilha_id)
VALUES (@p373, @p374)
RETURNING item_avaliado_planilha_id;
INSERT INTO item_avaliado_planilha (dsc_item, criterio_planilha_id)
VALUES (@p375, @p376)
RETURNING item_avaliado_planilha_id;
INSERT INTO item_avaliado_planilha (dsc_item, criterio_planilha_id)
VALUES (@p377, @p378)
RETURNING item_avaliado_planilha_id;
INSERT INTO item_avaliado_planilha (dsc_item, criterio_planilha_id)
VALUES (@p379, @p380)
RETURNING item_avaliado_planilha_id;
INSERT INTO item_avaliado_planilha (dsc_item, criterio_planilha_id)
VALUES (@p381, @p382)
RETURNING item_avaliado_planilha_id;
INSERT INTO item_avaliado_planilha (dsc_item, criterio_planilha_id)
VALUES (@p383, @p384)
RETURNING item_avaliado_planilha_id;
INSERT INTO item_avaliado_planilha (dsc_item, criterio_planilha_id)
VALUES (@p385, @p386)
RETURNING item_avaliado_planilha_id;
INSERT INTO item_avaliado_planilha (dsc_item, criterio_planilha_id)
VALUES (@p387, @p388)
RETURNING item_avaliado_planilha_id;
INSERT INTO item_avaliado_planilha (dsc_item, criterio_planilha_id)
VALUES (@p389, @p390)
RETURNING item_avaliado_planilha_id;
INSERT INTO item_avaliado_planilha (dsc_item, criterio_planilha_id)
VALUES (@p391, @p392)
RETURNING item_avaliado_planilha_id;
INSERT INTO item_avaliado_planilha (dsc_item, criterio_planilha_id)
VALUES (@p393, @p394)
RETURNING item_avaliado_planilha_id;
INSERT INTO item_avaliado_planilha (dsc_item, criterio_planilha_id)
VALUES (@p395, @p396)
RETURNING item_avaliado_planilha_id;
INSERT INTO item_avaliado_planilha (dsc_item, criterio_planilha_id)
VALUES (@p397, @p398)
RETURNING item_avaliado_planilha_id;
INSERT INTO item_avaliado_planilha (dsc_item, criterio_planilha_id)
VALUES (@p399, @p400)
RETURNING item_avaliado_planilha_id;
INSERT INTO item_avaliado_planilha (dsc_item, criterio_planilha_id)
VALUES (@p401, @p402)
RETURNING item_avaliado_planilha_id;
INSERT INTO item_avaliado_planilha (dsc_item, criterio_planilha_id)
VALUES (@p403, @p404)
RETURNING item_avaliado_planilha_id;
INSERT INTO item_avaliado_planilha (dsc_item, criterio_planilha_id)
VALUES (@p405, @p406)
RETURNING item_avaliado_planilha_id;
INSERT INTO item_avaliado_planilha (dsc_item, criterio_planilha_id)
VALUES (@p407, @p408)
RETURNING item_avaliado_planilha_id;
INSERT INTO item_avaliado_planilha (dsc_item, criterio_planilha_id)
VALUES (@p409, @p410)
RETURNING item_avaliado_planilha_id;
2025-05-22 21:14:00.745 -03:00 [INF] Executing CreatedAtActionResult, writing value of type '<>f__AnonymousType20`1[[EcoScale.src.Public.DTOs.CreationResponse`1[[EcoScale.src.Models.Abstract.Planilha, EcoScale, Version=1.0.0.0, Culture=neutral, PublicKeyToken=null]], EcoScale, Version=1.0.0.0, Culture=neutral, PublicKeyToken=null]]'.
2025-05-22 21:14:00.755 -03:00 [INF] Executed action EcoScale.src.Controllers.PlanilhaController.CreatePlanilha (EcoScale) in 291.2265ms
2025-05-22 21:14:00.758 -03:00 [INF] Executed endpoint 'EcoScale.src.Controllers.PlanilhaController.CreatePlanilha (EcoScale)'
2025-05-22 21:14:00.760 -03:00 [INF] Request finished HTTP/1.1 POST http://127.0.0.1:5051/api/Planilha/new - 201 null application/json; charset=utf-8 315.2686ms
2025-05-22 21:15:23.652 -03:00 [INF] Application is shutting down...
2025-05-22 21:25:58.612 -03:00 [INF] Swagger UI available at http://localhost:5051/swagger/index.html
2025-05-22 21:25:58.673 -03:00 [INF] Server starting and listening on http://0.0.0.0:5051
2025-05-22 21:25:58.697 -03:00 [INF] User profile is available. Using 'C:\Users\thiag\AppData\Local\ASP.NET\DataProtection-Keys' as key repository and Windows DPAPI to encrypt keys at rest.
2025-05-22 21:25:58.774 -03:00 [INF] Now listening on: http://0.0.0.0:5051
2025-05-22 21:25:58.776 -03:00 [INF] Application started. Press Ctrl+C to shut down.
2025-05-22 21:25:58.776 -03:00 [INF] Hosting environment: Development
2025-05-22 21:25:58.777 -03:00 [INF] Content root path: C:\Repos\pmg-es-2025-1-ti4-3170100-pesquisa-bh-tec\Codigo\Backend\EcoScale
2025-05-22 21:26:27.538 -03:00 [INF] Request starting HTTP/1.1 POST http://127.0.0.1:5051/Empresa/new - application/json 370
2025-05-22 21:26:27.625 -03:00 [INF] Request from: []
2025-05-22 21:26:27.643 -03:00 [INF] Executing endpoint 'EcoScale.src.Controllers.EmpresaController.New (EcoScale)'
2025-05-22 21:26:27.670 -03:00 [INF] Route matched with {action = "New", controller = "Empresa"}. Executing controller action with signature System.Threading.Tasks.Task`1[Microsoft.AspNetCore.Mvc.IActionResult] New(EcoScale.src.Public.DTOs.CompanyCreationRequest) on controller EcoScale.src.Controllers.EmpresaController (EcoScale).
2025-05-22 21:26:27.877 -03:00 [INF] Executing BadRequestObjectResult, writing value of type 'Microsoft.AspNetCore.Mvc.ValidationProblemDetails'.
2025-05-22 21:26:27.903 -03:00 [INF] Executed action EcoScale.src.Controllers.EmpresaController.New (EcoScale) in 227.7402ms
2025-05-22 21:26:27.909 -03:00 [INF] Executed endpoint 'EcoScale.src.Controllers.EmpresaController.New (EcoScale)'
2025-05-22 21:26:27.911 -03:00 [INF] Request finished HTTP/1.1 POST http://127.0.0.1:5051/Empresa/new - 400 null application/problem+json; charset=utf-8 374.9332ms
2025-05-22 21:27:11.722 -03:00 [INF] Request starting HTTP/1.1 POST http://127.0.0.1:5051/Empresa/new - application/json 364
2025-05-22 21:27:11.729 -03:00 [INF] Request from: []
2025-05-22 21:27:11.732 -03:00 [INF] Executing endpoint 'EcoScale.src.Controllers.EmpresaController.New (EcoScale)'
2025-05-22 21:27:11.733 -03:00 [INF] Route matched with {action = "New", controller = "Empresa"}. Executing controller action with signature System.Threading.Tasks.Task`1[Microsoft.AspNetCore.Mvc.IActionResult] New(EcoScale.src.Public.DTOs.CompanyCreationRequest) on controller EcoScale.src.Controllers.EmpresaController (EcoScale).
2025-05-22 21:27:12.443 -03:00 [INF] Executed DbCommand (24ms) [Parameters=[@__cpf_0='?'], CommandType='"Text"', CommandTimeout='30']
SELECT EXISTS (
    SELECT 1
    FROM responsavel_empresa AS r
    WHERE r.cpf = @__cpf_0)
2025-05-22 21:27:12.465 -03:00 [INF] Executed DbCommand (4ms) [Parameters=[@__cnpj_0='?', @__email_1='?'], CommandType='"Text"', CommandTimeout='30']
SELECT EXISTS (
    SELECT 1
    FROM usuario AS u
    INNER JOIN empresa AS e ON u.usuario_id = e.usuario_id
    WHERE e.cnpj = @__cnpj_0 OR u.email = @__email_1)
2025-05-22 21:27:12.597 -03:00 [INF] Executed DbCommand (5ms) [Parameters=[@p0='?', @p1='?', @p2='?', @p3='?', @p4='?' (DbType = Boolean), @p5='?' (DbType = Int32), @p6='?'], CommandType='"Text"', CommandTimeout='30']
INSERT INTO responsavel_empresa (cpf, nome, telefone)
VALUES (@p0, @p1, @p2)
RETURNING responsavel_empresa_id;
INSERT INTO usuario (email, boo_email_confirmado, role, senha)
VALUES (@p3, @p4, @p5, @p6)
RETURNING usuario_id;
2025-05-22 21:27:12.608 -03:00 [INF] Executed DbCommand (2ms) [Parameters=[@p7='?' (DbType = Int32), @p8='?', @p9='?', @p10='?', @p11='?', @p12='?' (DbType = Binary), @p13='?' (DbType = Boolean), @p14='?', @p15='?', @p16='?', @p17='?' (DbType = Int32)], CommandType='"Text"', CommandTimeout='30']
INSERT INTO empresa (usuario_id, cnpj, dsc_empresa, endereco_sede, foto_perfil_mime, foto_perfil, boo_removida, num_telefone, razao_social, setor_atuacao, responsavel_id)
VALUES (@p7, @p8, @p9, @p10, @p11, @p12, @p13, @p14, @p15, @p16, @p17);
2025-05-22 21:27:12.653 -03:00 [INF] Executing CreatedAtActionResult, writing value of type '<>f__AnonymousType18`1[[EcoScale.src.Public.DTOs.CreationResponse`1[[EcoScale.src.Models.Empresa, EcoScale, Version=1.0.0.0, Culture=neutral, PublicKeyToken=null]], EcoScale, Version=1.0.0.0, Culture=neutral, PublicKeyToken=null]]'.
2025-05-22 21:27:12.705 -03:00 [INF] Executed action EcoScale.src.Controllers.EmpresaController.New (EcoScale) in 968.5786ms
2025-05-22 21:27:12.706 -03:00 [INF] Executed endpoint 'EcoScale.src.Controllers.EmpresaController.New (EcoScale)'
2025-05-22 21:27:12.712 -03:00 [INF] Request finished HTTP/1.1 POST http://127.0.0.1:5051/Empresa/new - 201 null application/json; charset=utf-8 990.3953ms
2025-05-22 21:29:02.954 -03:00 [INF] Request starting HTTP/1.1 POST http://127.0.0.1:5051/auth/login - application/json 69
2025-05-22 21:29:02.957 -03:00 [INF] Request from: []
2025-05-22 21:29:02.959 -03:00 [INF] Executing endpoint 'EcoScale.src.Controllers.AuthController.LoginAsync (EcoScale)'
2025-05-22 21:29:02.964 -03:00 [INF] Route matched with {action = "Login", controller = "Auth"}. Executing controller action with signature System.Threading.Tasks.Task`1[Microsoft.AspNetCore.Mvc.IActionResult] LoginAsync(EcoScale.src.Public.DTOs.LoginRequest) on controller EcoScale.src.Controllers.AuthController (EcoScale).
2025-05-22 21:29:03.034 -03:00 [INF] Executed DbCommand (2ms) [Parameters=[@__request_Email_0='?'], CommandType='"Text"', CommandTimeout='30']
SELECT u.usuario_id, u.email, u.boo_email_confirmado, u.role, u.senha, e.cnpj, e.dsc_empresa, e.endereco_sede, e.foto_perfil_mime, e.foto_perfil, e.boo_removida, e.num_telefone, e.razao_social, e.setor_atuacao, e.responsavel_id, m.nome, CASE
    WHEN m.usuario_id IS NOT NULL THEN 'Moderador'
    WHEN e.usuario_id IS NOT NULL THEN 'Empresa'
END AS "Discriminator"
FROM usuario AS u
LEFT JOIN empresa AS e ON u.usuario_id = e.usuario_id
LEFT JOIN moderador AS m ON u.usuario_id = m.usuario_id
WHERE u.email = @__request_Email_0
LIMIT 2
2025-05-22 21:29:07.096 -03:00 [INF] Executed DbCommand (5ms) [Parameters=[@p0='?', @p1='?' (DbType = Boolean), @p2='?' (DbType = DateTime), @p3='?' (DbType = Boolean), @p4='?' (DbType = DateTime), @p5='?'], CommandType='"Text"', CommandTimeout='30']
INSERT INTO email_confirmacao (num_codigo, boo_confirmado, created_at, boo_excluido, expires_at, ref_id)
VALUES (@p0, @p1, @p2, @p3, @p4, @p5)
RETURNING "Id";
2025-05-22 21:29:07.099 -03:00 [INF] Executing OkObjectResult, writing value of type '<>f__AnonymousType18`1[[EcoScale.src.Public.DTOs.LoginResponse, EcoScale, Version=1.0.0.0, Culture=neutral, PublicKeyToken=null]]'.
2025-05-22 21:29:07.100 -03:00 [INF] Executed action EcoScale.src.Controllers.AuthController.LoginAsync (EcoScale) in 4134.6302ms
2025-05-22 21:29:07.101 -03:00 [INF] Executed endpoint 'EcoScale.src.Controllers.AuthController.LoginAsync (EcoScale)'
2025-05-22 21:29:07.102 -03:00 [INF] Request finished HTTP/1.1 POST http://127.0.0.1:5051/auth/login - 200 null application/json; charset=utf-8 4148.2081ms
2025-05-22 21:29:24.538 -03:00 [INF] Request starting HTTP/1.1 POST http://127.0.0.1:5051/auth/email-confirmation - application/json 64
2025-05-22 21:29:24.542 -03:00 [INF] Request from: []
2025-05-22 21:29:24.543 -03:00 [INF] Executing endpoint 'EcoScale.src.Controllers.AuthController.CompanyEmailConfirmation (EcoScale)'
2025-05-22 21:29:24.545 -03:00 [INF] Route matched with {action = "CompanyEmailConfirmation", controller = "Auth"}. Executing controller action with signature Microsoft.AspNetCore.Mvc.IActionResult CompanyEmailConfirmation(EcoScale.src.Public.DTOs.EmailConfirmationRequest) on controller EcoScale.src.Controllers.AuthController (EcoScale).
2025-05-22 21:29:24.600 -03:00 [INF] Executed DbCommand (1ms) [Parameters=[@__request_Email_0='?'], CommandType='"Text"', CommandTimeout='30']
SELECT u.usuario_id, u.email, u.boo_email_confirmado, u.role, u.senha, e.cnpj, e.dsc_empresa, e.endereco_sede, e.foto_perfil_mime, e.foto_perfil, e.boo_removida, e.num_telefone, e.razao_social, e.setor_atuacao, e.responsavel_id, m.nome, CASE
    WHEN m.usuario_id IS NOT NULL THEN 'Moderador'
    WHEN e.usuario_id IS NOT NULL THEN 'Empresa'
END AS "Discriminator"
FROM usuario AS u
LEFT JOIN empresa AS e ON u.usuario_id = e.usuario_id
LEFT JOIN moderador AS m ON u.usuario_id = m.usuario_id
WHERE u.email = @__request_Email_0
LIMIT 1
2025-05-22 21:29:24.608 -03:00 [INF] Executed DbCommand (2ms) [Parameters=[@p1='?' (DbType = Int32), @p0='?' (DbType = Boolean)], CommandType='"Text"', CommandTimeout='30']
UPDATE usuario SET boo_email_confirmado = @p0
WHERE usuario_id = @p1;
2025-05-22 21:29:24.619 -03:00 [INF] Executed DbCommand (1ms) [Parameters=[@__refId_0='?', @__now_1='?' (DbType = DateTime)], CommandType='"Text"', CommandTimeout='30']
SELECT e."Id", e.num_codigo, e.boo_confirmado, e.created_at, e.boo_excluido, e.expires_at, e.ref_id
FROM email_confirmacao AS e
WHERE NOT (e.boo_excluido) AND e.ref_id = @__refId_0 AND NOT (e.boo_confirmado) AND e.expires_at > @__now_1
LIMIT 1
2025-05-22 21:29:24.651 -03:00 [INF] Executed DbCommand (1ms) [Parameters=[@__refId_0='?'], CommandType='"Text"', CommandTimeout='30']
SELECT u.usuario_id, u.email, u.boo_email_confirmado, u.role, u.senha, e.cnpj, e.dsc_empresa, e.endereco_sede, e.foto_perfil_mime, e.foto_perfil, e.boo_removida, e.num_telefone, e.razao_social, e.setor_atuacao, e.responsavel_id, m.nome, CASE
    WHEN m.usuario_id IS NOT NULL THEN 'Moderador'
    WHEN e.usuario_id IS NOT NULL THEN 'Empresa'
END AS "Discriminator"
FROM usuario AS u
LEFT JOIN empresa AS e ON u.usuario_id = e.usuario_id
LEFT JOIN moderador AS m ON u.usuario_id = m.usuario_id
WHERE u.usuario_id::text = @__refId_0
LIMIT 1
2025-05-22 21:29:24.655 -03:00 [INF] Executed DbCommand (0ms) [Parameters=[@p2='?' (DbType = Int32), @p0='?' (DbType = Boolean), @p1='?' (DbType = Boolean)], CommandType='"Text"', CommandTimeout='30']
UPDATE email_confirmacao SET boo_confirmado = @p0, boo_excluido = @p1
WHERE "Id" = @p2;
2025-05-22 21:29:24.656 -03:00 [INF] Executing OkObjectResult, writing value of type '<>f__AnonymousType19`1[[System.String, System.Private.CoreLib, Version=9.0.0.0, Culture=neutral, PublicKeyToken=7cec85d7bea7798e]]'.
2025-05-22 21:29:24.658 -03:00 [INF] Executed action EcoScale.src.Controllers.AuthController.CompanyEmailConfirmation (EcoScale) in 110.0105ms
2025-05-22 21:29:24.659 -03:00 [INF] Executed endpoint 'EcoScale.src.Controllers.AuthController.CompanyEmailConfirmation (EcoScale)'
2025-05-22 21:29:24.659 -03:00 [INF] Request finished HTTP/1.1 POST http://127.0.0.1:5051/auth/email-confirmation - 200 null application/json; charset=utf-8 121.8701ms
2025-05-22 21:30:06.514 -03:00 [INF] Application is shutting down...
